<?xml version="1.0" encoding="UTF-8"?>
<testsuite name="cl.cehd.ocr.algorithm.processor.IndividualDigitIdentifierTest" tests="10" skipped="0" failures="0" errors="0" timestamp="2019-11-17T21:40:49" hostname="MacBook-Pro-de-Roberto.local" time="0.01">
  <properties/>
  <testcase name="givenASixRepresentationMustReturnValueEight" classname="cl.cehd.ocr.algorithm.processor.IndividualDigitIdentifierTest" time="0.001"/>
  <testcase name="givenASixRepresentationMustReturnValueSeven" classname="cl.cehd.ocr.algorithm.processor.IndividualDigitIdentifierTest" time="0.0"/>
  <testcase name="givenAFiveRepresentationMustReturnValueFive" classname="cl.cehd.ocr.algorithm.processor.IndividualDigitIdentifierTest" time="0.001"/>
  <testcase name="givenASixRepresentationMustReturnValueSix" classname="cl.cehd.ocr.algorithm.processor.IndividualDigitIdentifierTest" time="0.0"/>
  <testcase name="givenASixRepresentationMustReturnValueNine" classname="cl.cehd.ocr.algorithm.processor.IndividualDigitIdentifierTest" time="0.001"/>
  <testcase name="givenAOneRepresentationMustReturnValueOne" classname="cl.cehd.ocr.algorithm.processor.IndividualDigitIdentifierTest" time="0.001"/>
  <testcase name="givenAFourRepresentationMustReturnValueFour" classname="cl.cehd.ocr.algorithm.processor.IndividualDigitIdentifierTest" time="0.001"/>
  <testcase name="givenATwoRepresentationMustReturnValueTwo" classname="cl.cehd.ocr.algorithm.processor.IndividualDigitIdentifierTest" time="0.001"/>
  <testcase name="givenAZeroRepresentationMustReturnValueZero" classname="cl.cehd.ocr.algorithm.processor.IndividualDigitIdentifierTest" time="0.0"/>
  <testcase name="givenATwoRepresentationMustReturnValueThree" classname="cl.cehd.ocr.algorithm.processor.IndividualDigitIdentifierTest" time="0.0"/>
  <system-out><![CDATA[]]></system-out>
  <system-err><![CDATA[]]></system-err>
</testsuite>
