<?xml version="1.0" encoding="UTF-8"?>
<testsuite name="HelloWorldTest" tests="1" skipped="0" failures="0" errors="0" timestamp="2019-11-17T21:40:49" hostname="MacBook-Pro-de-Roberto.local" time="0.001">
  <properties/>
  <testcase name="checkHelloWorld" classname="HelloWorldTest" time="0.001"/>
  <system-out><![CDATA[]]></system-out>
  <system-err><![CDATA[]]></system-err>
</testsuite>
