<?xml version="1.0" encoding="UTF-8"?>
<testsuite name="cl.cehd.ocr.algorithm.entity.data.AccountNumberInputTest" tests="12" skipped="0" failures="0" errors="0" timestamp="2019-11-17T21:40:49" hostname="MacBook-Pro-de-Roberto.local" time="0.011">
  <properties/>
  <testcase name="checkGenerateIndividualDigitCheckIndexOne" classname="cl.cehd.ocr.algorithm.entity.data.AccountNumberInputTest" time="0.001"/>
  <testcase name="checkGenerateIndividualDigitCheckIndexSix" classname="cl.cehd.ocr.algorithm.entity.data.AccountNumberInputTest" time="0.0"/>
  <testcase name="checkGenerateIndividualDigitCheckIndexTwo" classname="cl.cehd.ocr.algorithm.entity.data.AccountNumberInputTest" time="0.001"/>
  <testcase name="checkGenerateIndividualDigitCheckIndexEight" classname="cl.cehd.ocr.algorithm.entity.data.AccountNumberInputTest" time="0.0"/>
  <testcase name="checkGenerateIndividualDigitCheckIndexSeven" classname="cl.cehd.ocr.algorithm.entity.data.AccountNumberInputTest" time="0.0"/>
  <testcase name="checkGenerateIndividualDigitCheckIndexThree" classname="cl.cehd.ocr.algorithm.entity.data.AccountNumberInputTest" time="0.0"/>
  <testcase name="checkListIndividualDigitSize" classname="cl.cehd.ocr.algorithm.entity.data.AccountNumberInputTest" time="0.0"/>
  <testcase name="checkDataIsRight" classname="cl.cehd.ocr.algorithm.entity.data.AccountNumberInputTest" time="0.0"/>
  <testcase name="checkGenerateIndividualDigitCheckIndexFive" classname="cl.cehd.ocr.algorithm.entity.data.AccountNumberInputTest" time="0.001"/>
  <testcase name="checkGenerateIndividualDigitCheckIndexFour" classname="cl.cehd.ocr.algorithm.entity.data.AccountNumberInputTest" time="0.0"/>
  <testcase name="checkGenerateIndividualDigitCheckIndexZero" classname="cl.cehd.ocr.algorithm.entity.data.AccountNumberInputTest" time="0.0"/>
  <testcase name="isClassThere" classname="cl.cehd.ocr.algorithm.entity.data.AccountNumberInputTest" time="0.0"/>
  <system-out><![CDATA[]]></system-out>
  <system-err><![CDATA[]]></system-err>
</testsuite>
